<?xml version="1.0" encoding="UTF-8"?>
<robot generator="Robot 6.1.1 (Python 3.12.0 on win32)" generated="20231207 14:42:49.890" rpa="false" schemaversion="4">
<suite id="s1" name="Select Clothings" source="C:\Users\user\PycharmProjects\RobotFramework\TestCases\select_clothings.robot">
<test id="s1-t1" name="Select Cloths" line="5">
<kw name="open browser &amp; shop" library="customkeyword">
<kw name="Open Browser" library="SeleniumLibrary">
<arg>${flip_url}</arg>
<arg>${browser}</arg>
<doc>Opens a new browser instance to the optional ``url``.</doc>
<msg timestamp="20231207 14:42:50.062" level="INFO">Opening browser 'chrome' to base url 'https://www.flipkart.com/'.</msg>
<status status="PASS" starttime="20231207 14:42:50.062" endtime="20231207 14:42:53.195"/>
</kw>
<kw name="Maximize Browser Window" library="SeleniumLibrary">
<doc>Maximizes current browser window.</doc>
<status status="PASS" starttime="20231207 14:42:53.196" endtime="20231207 14:42:53.369"/>
</kw>
<kw name="Wait for and click on element" library="Helpers">
<arg>${button}</arg>
<arg>5</arg>
<kw name="Wait Until Element Is Visible" library="SeleniumLibrary">
<arg>${element1}</arg>
<arg>${time}</arg>
<doc>Waits until the element ``locator`` is visible.</doc>
<status status="PASS" starttime="20231207 14:42:53.369" endtime="20231207 14:42:53.436"/>
</kw>
<kw name="Click Element" library="SeleniumLibrary">
<arg>${element1}</arg>
<doc>Click the element identified by ``locator``.</doc>
<msg timestamp="20231207 14:42:53.444" level="INFO">Clicking element 'xpath://div/span[text()='✕']'.</msg>
<status status="PASS" starttime="20231207 14:42:53.436" endtime="20231207 14:42:53.604"/>
</kw>
<status status="PASS" starttime="20231207 14:42:53.369" endtime="20231207 14:42:53.604"/>
</kw>
<kw name="Mouse Over" library="SeleniumLibrary">
<arg>${lnk_fassion}</arg>
<doc>Simulates hovering the mouse over the element ``locator``.</doc>
<msg timestamp="20231207 14:42:53.605" level="INFO">Simulating Mouse Over on element 'xpath://span[text()='Fashion']'.</msg>
<status status="PASS" starttime="20231207 14:42:53.604" endtime="20231207 14:42:53.919"/>
</kw>
<kw name="Wait for and click on element" library="Helpers">
<arg>${clk_mens_wear}</arg>
<arg>5</arg>
<kw name="Wait Until Element Is Visible" library="SeleniumLibrary">
<arg>${element1}</arg>
<arg>${time}</arg>
<doc>Waits until the element ``locator`` is visible.</doc>
<status status="PASS" starttime="20231207 14:42:53.919" endtime="20231207 14:42:53.945"/>
</kw>
<kw name="Click Element" library="SeleniumLibrary">
<arg>${element1}</arg>
<doc>Click the element identified by ``locator``.</doc>
<msg timestamp="20231207 14:42:53.945" level="INFO">Clicking element 'xpath://*[@class='_3490ry']'.</msg>
<status status="PASS" starttime="20231207 14:42:53.945" endtime="20231207 14:42:55.618"/>
</kw>
<status status="PASS" starttime="20231207 14:42:53.919" endtime="20231207 14:42:55.618"/>
</kw>
<kw name="Scroll to element and click" library="Helpers">
<arg>${ele_shirt}</arg>
<kw name="Scroll Element Into View" library="SeleniumLibrary">
<arg>${element3}</arg>
<doc>Scrolls the element identified by ``locator`` into view.</doc>
<status status="PASS" starttime="20231207 14:42:55.618" endtime="20231207 14:42:55.926"/>
</kw>
<kw name="Click Element" library="SeleniumLibrary">
<arg>${element3}</arg>
<doc>Click the element identified by ``locator``.</doc>
<msg timestamp="20231207 14:42:55.926" level="INFO">Clicking element 'Xpath://a[text()='Men Regular Fit Solid Spread Collar Casual Shirt'][1]'.</msg>
<status status="PASS" starttime="20231207 14:42:55.926" endtime="20231207 14:42:55.997"/>
</kw>
<status status="PASS" starttime="20231207 14:42:55.618" endtime="20231207 14:42:55.997"/>
</kw>
<kw name="wait for element" library="Helpers">
<arg>5</arg>
<kw name="Sleep" library="BuiltIn">
<arg>${time1}</arg>
<doc>Pauses the test executed for the given time.</doc>
<msg timestamp="20231207 14:43:00.997" level="INFO">Slept 5 seconds</msg>
<status status="PASS" starttime="20231207 14:42:55.997" endtime="20231207 14:43:00.997"/>
</kw>
<status status="PASS" starttime="20231207 14:42:55.997" endtime="20231207 14:43:00.997"/>
</kw>
<kw name="Get Window Titles" library="SeleniumLibrary">
<var>${titles}</var>
<doc>Returns and logs titles of all windows of the selected browser.</doc>
<msg timestamp="20231207 14:43:01.212" level="INFO">Altogether 2 items.
1: Topwear - Buy Topwear For Men, Women &amp; Kids Online at Best Prices In India | Flipkart.com
2: VeBNoR Men Solid Casual Maroon Shirt - Buy VeBNoR Men Solid Casual Maroon Shirt Online at Best Prices in India | Flipkart.com</msg>
<msg timestamp="20231207 14:43:01.212" level="INFO">${titles} = ['Topwear - Buy Topwear For Men, Women &amp; Kids Online at Best Prices In India | Flipkart.com', 'VeBNoR Men Solid Casual Maroon Shirt - Buy VeBNoR Men Solid Casual Maroon Shirt Online at Best Prices in ...</msg>
<status status="PASS" starttime="20231207 14:43:00.997" endtime="20231207 14:43:01.212"/>
</kw>
<kw name="Switch Window" library="SeleniumLibrary">
<arg>${titles}[1]</arg>
<doc>Switches to browser window matching ``locator``.</doc>
<status status="PASS" starttime="20231207 14:43:01.213" endtime="20231207 14:43:01.289"/>
</kw>
<kw name="wait for element" library="Helpers">
<arg>5</arg>
<kw name="Sleep" library="BuiltIn">
<arg>${time1}</arg>
<doc>Pauses the test executed for the given time.</doc>
<msg timestamp="20231207 14:43:06.289" level="INFO">Slept 5 seconds</msg>
<status status="PASS" starttime="20231207 14:43:01.289" endtime="20231207 14:43:06.289"/>
</kw>
<status status="PASS" starttime="20231207 14:43:01.289" endtime="20231207 14:43:06.289"/>
</kw>
<kw name="Scroll to element and click" library="Helpers">
<arg>${size_select}</arg>
<kw name="Scroll Element Into View" library="SeleniumLibrary">
<arg>${element3}</arg>
<doc>Scrolls the element identified by ``locator`` into view.</doc>
<status status="PASS" starttime="20231207 14:43:06.289" endtime="20231207 14:43:06.594"/>
</kw>
<kw name="Click Element" library="SeleniumLibrary">
<arg>${element3}</arg>
<doc>Click the element identified by ``locator``.</doc>
<msg timestamp="20231207 14:43:06.596" level="INFO">Clicking element 'xpath://li[@id='swatch-0-size']/../li'.</msg>
<status status="PASS" starttime="20231207 14:43:06.594" endtime="20231207 14:43:06.664"/>
</kw>
<status status="PASS" starttime="20231207 14:43:06.289" endtime="20231207 14:43:06.664"/>
</kw>
<kw name="wait for element" library="Helpers">
<arg>5</arg>
<kw name="Sleep" library="BuiltIn">
<arg>${time1}</arg>
<doc>Pauses the test executed for the given time.</doc>
<msg timestamp="20231207 14:43:11.666" level="INFO">Slept 5 seconds</msg>
<status status="PASS" starttime="20231207 14:43:06.664" endtime="20231207 14:43:11.666"/>
</kw>
<status status="PASS" starttime="20231207 14:43:06.664" endtime="20231207 14:43:11.666"/>
</kw>
<status status="PASS" starttime="20231207 14:42:50.062" endtime="20231207 14:43:11.666"/>
</kw>
<status status="PASS" starttime="20231207 14:42:50.062" endtime="20231207 14:43:11.666"/>
</test>
<status status="PASS" starttime="20231207 14:42:49.905" endtime="20231207 14:43:11.666"/>
</suite>
<statistics>
<total>
<stat pass="1" fail="0" skip="0">All Tests</stat>
</total>
<tag>
</tag>
<suite>
<stat pass="1" fail="0" skip="0" id="s1" name="Select Clothings">Select Clothings</stat>
</suite>
</statistics>
<errors>
</errors>
</robot>
